<?xml version="1.0" encoding="UTF-8"?>
<!-- Generated by org.testng.reporters.JUnitReportReporter -->
<testsuite hostname="DESKTOP-0T2EKQC" failures="0" tests="1" name="TestNGClass" time="0.007" errors="0" timestamp="2022-09-29T21:20:43 IST" skipped="0">
  <testcase classname="TestNGClass" name="test123" time="0.007"/>
  <system-out/>
</testsuite> <!-- TestNGClass -->
